<?xml version="1.0" encoding="UTF-8"?>
<testng-results ignored="0" total="1" passed="1" failed="0" skipped="0">
  <reporter-output>
  </reporter-output>
  <suite started-at="2024-05-29T16:25:28 IST" name="Default suite" finished-at="2024-05-29T16:25:33 IST" duration-ms="4578">
    <groups>
    </groups>
    <test started-at="2024-05-29T16:25:28 IST" name="Default test" finished-at="2024-05-29T16:25:33 IST" duration-ms="4578">
      <class name="Sunil.ExtendReport.ExtendReportDemo">
        <test-method is-config="true" signature="config()[pri:0, instance:Sunil.ExtendReport.ExtendReportDemo@7dcf94f8]" started-at="2024-05-29T16:25:28 IST" name="config" finished-at="2024-05-29T16:25:28 IST" duration-ms="320" status="PASS">
          <reporter-output>
          </reporter-output>
        </test-method> <!-- config -->
        <test-method signature="initialDemo()[pri:0, instance:Sunil.ExtendReport.ExtendReportDemo@7dcf94f8]" started-at="2024-05-29T16:25:28 IST" name="initialDemo" finished-at="2024-05-29T16:25:33 IST" duration-ms="4198" status="PASS">
          <reporter-output>
          </reporter-output>
        </test-method> <!-- initialDemo -->
      </class> <!-- Sunil.ExtendReport.ExtendReportDemo -->
    </test> <!-- Default test -->
  </suite> <!-- Default suite -->
</testng-results>
